TN:
SF:examples/jestExample.js
FN:1,divide
FN:5,sum
FNF:2
FNH:2
FNDA:1,divide
FNDA:1,sum
DA:1,1
DA:2,1
DA:3,1
DA:4,1
DA:5,1
DA:6,1
DA:7,1
DA:8,1
DA:9,1
DA:10,1
DA:11,1
DA:12,1
LF:12
LH:12
BRDA:1,0,0,1
BRDA:5,1,0,1
BRF:2
BRH:2
end_of_record
TN:
SF:exercises/demeritus.js
FN:7,checkSpeed
FNF:1
FNH:1
FNDA:8,checkSpeed
DA:1,1
DA:2,1
DA:3,1
DA:4,1
DA:5,1
DA:6,1
DA:7,8
DA:8,8
DA:9,8
DA:10,8
DA:11,8
DA:12,2
DA:13,2
DA:14,6
DA:15,8
DA:16,4
DA:17,4
DA:18,1
DA:19,1
LF:19
LH:19
BRDA:7,0,0,8
BRDA:11,1,0,2
BRDA:13,2,0,6
BRDA:15,3,0,2
BRDA:15,4,0,4
BRF:5
BRH:5
end_of_record
TN:
SF:exercises/evodNumbers.js
FN:6,showNumbers
FNF:1
FNH:1
FNDA:2,showNumbers
DA:1,1
DA:2,1
DA:3,1
DA:4,1
DA:5,1
DA:6,2
DA:7,2
DA:8,16
DA:9,9
DA:10,16
DA:11,7
DA:12,7
DA:13,16
DA:14,2
DA:15,1
DA:16,1
LF:16
LH:16
BRDA:6,0,0,2
BRDA:7,1,0,16
BRDA:8,2,0,9
BRDA:10,3,0,7
BRF:4
BRH:4
end_of_record
TN:
SF:exercises/fizzBuzz.js
FN:10,fizzBuzz
FNF:1
FNH:1
FNDA:8,fizzBuzz
DA:1,1
DA:2,1
DA:3,1
DA:4,1
DA:5,1
DA:6,1
DA:7,1
DA:8,1
DA:9,1
DA:10,8
DA:11,8
DA:12,8
DA:13,8
DA:14,8
DA:15,1
DA:16,1
DA:17,1
DA:18,1
LF:18
LH:18
BRDA:10,0,0,8
BRDA:11,1,0,3
BRDA:11,2,0,5
BRDA:12,3,0,3
BRDA:12,4,0,2
BRDA:12,5,0,3
BRDA:13,6,0,1
BRDA:13,7,0,2
BRDA:14,8,0,1
BRF:9
BRH:9
end_of_record
TN:
SF:exercises/landscapeOrPortrait.js
FN:1,isLandscape
FN:5,isLandscapeTwo
FNF:2
FNH:2
FNDA:2,isLandscape
FNDA:2,isLandscapeTwo
DA:1,2
DA:2,2
DA:3,2
DA:4,1
DA:5,2
DA:6,2
DA:7,1
DA:8,1
DA:9,1
DA:10,1
DA:11,2
DA:12,1
DA:13,1
LF:13
LH:13
BRDA:1,0,0,2
BRDA:5,1,0,2
BRDA:6,2,0,1
BRF:3
BRH:3
end_of_record
TN:
SF:exercises/maxOfTwo.js
FN:4,maxOfTwo
FN:12,max
FNF:2
FNH:2
FNDA:3,maxOfTwo
FNDA:4,max
DA:1,1
DA:2,1
DA:3,1
DA:4,3
DA:5,3
DA:6,3
DA:7,1
DA:8,1
DA:9,1
DA:10,1
DA:11,1
DA:12,4
DA:13,4
DA:14,4
DA:15,4
DA:16,1
DA:17,1
DA:18,1
DA:19,1
DA:20,1
DA:21,1
LF:21
LH:21
BRDA:4,0,0,3
BRDA:5,1,0,0
BRDA:12,2,0,4
BRDA:13,3,0,0
BRF:4
BRH:2
end_of_record
