TN:
SF:examples/jestExample.js
FN:1,divide
FN:5,sum
FNF:2
FNH:2
FNDA:1,divide
FNDA:1,sum
DA:1,1
DA:2,1
DA:3,1
DA:4,1
DA:5,1
DA:6,1
DA:7,1
DA:8,1
DA:9,1
DA:10,1
DA:11,1
DA:12,1
LF:12
LH:12
BRDA:1,0,0,1
BRDA:5,1,0,1
BRF:2
BRH:2
end_of_record
TN:
SF:exercises/control flow/countTruthy.js
FN:8,countTruthy
FNF:1
FNH:1
FNDA:5,countTruthy
DA:1,1
DA:2,1
DA:3,1
DA:4,1
DA:5,1
DA:6,1
DA:7,1
DA:8,5
DA:9,5
DA:10,5
DA:11,5
DA:12,29
DA:13,5
DA:14,5
DA:15,1
DA:16,1
LF:16
LH:16
BRDA:8,0,0,5
BRDA:11,1,0,29
BRDA:12,2,0,11
BRF:3
BRH:3
end_of_record
TN:
SF:exercises/control flow/demeritus.js
FN:7,checkSpeed
FNF:1
FNH:1
FNDA:8,checkSpeed
DA:1,1
DA:2,1
DA:3,1
DA:4,1
DA:5,1
DA:6,1
DA:7,8
DA:8,8
DA:9,8
DA:10,8
DA:11,8
DA:12,2
DA:13,2
DA:14,6
DA:15,8
DA:16,4
DA:17,4
DA:18,1
DA:19,1
LF:19
LH:19
BRDA:7,0,0,8
BRDA:11,1,0,2
BRDA:13,2,0,6
BRDA:15,3,0,2
BRDA:15,4,0,4
BRF:5
BRH:5
end_of_record
TN:
SF:exercises/control flow/evodNumbers.js
FN:6,showNumbers
FNF:1
FNH:1
FNDA:2,showNumbers
DA:1,1
DA:2,1
DA:3,1
DA:4,1
DA:5,1
DA:6,2
DA:7,2
DA:8,16
DA:9,9
DA:10,16
DA:11,7
DA:12,7
DA:13,16
DA:14,2
DA:15,1
DA:16,1
LF:16
LH:16
BRDA:6,0,0,2
BRDA:7,1,0,16
BRDA:8,2,0,9
BRDA:10,3,0,7
BRF:4
BRH:4
end_of_record
TN:
SF:exercises/control flow/fizzBuzz.js
FN:10,fizzBuzz
FNF:1
FNH:1
FNDA:8,fizzBuzz
DA:1,1
DA:2,1
DA:3,1
DA:4,1
DA:5,1
DA:6,1
DA:7,1
DA:8,1
DA:9,1
DA:10,8
DA:11,8
DA:12,8
DA:13,8
DA:14,8
DA:15,1
DA:16,1
DA:17,1
DA:18,1
LF:18
LH:18
BRDA:10,0,0,8
BRDA:11,1,0,3
BRDA:11,2,0,5
BRDA:12,3,0,3
BRDA:12,4,0,2
BRDA:12,5,0,3
BRDA:13,6,0,1
BRDA:13,7,0,2
BRDA:14,8,0,1
BRF:9
BRH:9
end_of_record
TN:
SF:exercises/control flow/gradesCalc.js
FN:21,calculateGrade
FN:30,calculateAverage
FNF:2
FNH:2
FNDA:1,calculateGrade
FNDA:2,calculateAverage
DA:1,1
DA:2,1
DA:3,1
DA:4,1
DA:5,1
DA:6,1
DA:7,1
DA:8,1
DA:9,1
DA:10,1
DA:11,1
DA:12,1
DA:13,1
DA:14,1
DA:15,1
DA:16,1
DA:17,1
DA:18,1
DA:19,1
DA:20,1
DA:21,1
DA:22,1
DA:23,1
DA:24,1
DA:25,1
DA:26,0
DA:27,0
DA:28,0
DA:29,1
DA:30,2
DA:31,2
DA:32,2
DA:33,2
DA:34,2
DA:35,2
DA:36,2
DA:37,1
DA:38,1
LF:38
LH:35
BRDA:21,0,0,1
BRDA:23,1,0,0
BRDA:24,2,0,0
BRDA:25,3,0,0
BRDA:30,4,0,2
BRDA:33,5,0,4
BRF:6
BRH:3
end_of_record
TN:
SF:exercises/control flow/landscapeOrPortrait.js
FN:1,isLandscape
FN:5,isLandscapeTwo
FNF:2
FNH:2
FNDA:2,isLandscape
FNDA:2,isLandscapeTwo
DA:1,2
DA:2,2
DA:3,2
DA:4,1
DA:5,2
DA:6,2
DA:7,1
DA:8,1
DA:9,1
DA:10,1
DA:11,2
DA:12,1
DA:13,1
LF:13
LH:13
BRDA:1,0,0,2
BRDA:5,1,0,2
BRDA:6,2,0,1
BRF:3
BRH:3
end_of_record
TN:
SF:exercises/control flow/maxOfTwo.js
FN:4,maxOfTwo
FN:12,max
FNF:2
FNH:2
FNDA:3,maxOfTwo
FNDA:4,max
DA:1,1
DA:2,1
DA:3,1
DA:4,3
DA:5,3
DA:6,3
DA:7,1
DA:8,1
DA:9,1
DA:10,1
DA:11,1
DA:12,4
DA:13,4
DA:14,4
DA:15,4
DA:16,1
DA:17,1
DA:18,1
DA:19,1
DA:20,1
DA:21,1
LF:21
LH:21
BRDA:4,0,0,3
BRDA:5,1,0,0
BRDA:12,2,0,4
BRDA:13,3,0,0
BRF:4
BRH:2
end_of_record
TN:
SF:exercises/control flow/numeriPrimi.js
FN:4,showPrimes
FN:9,isPrime
FNF:2
FNH:2
FNDA:2,showPrimes
FNDA:48,isPrime
DA:1,1
DA:2,1
DA:3,1
DA:4,2
DA:5,2
DA:6,2
DA:7,2
DA:8,1
DA:9,48
DA:10,48
DA:11,48
DA:12,206
DA:13,18
DA:14,18
DA:15,18
DA:16,1
LF:16
LH:16
BRDA:4,0,0,2
BRDA:6,1,0,48
BRDA:6,2,0,18
BRDA:9,3,0,48
BRDA:11,4,0,206
BRDA:12,5,0,30
BRDA:12,6,0,18
BRF:7
BRH:7
end_of_record
TN:
SF:exercises/control flow/showThemS.js
FN:3,showStars
FNF:1
FNH:1
FNDA:1,showStars
DA:1,1
DA:2,1
DA:3,1
DA:4,1
DA:5,5
DA:6,5
DA:7,5
DA:8,5
DA:9,5
DA:10,1
DA:11,1
DA:12,1
LF:12
LH:12
BRDA:3,0,0,1
BRDA:4,1,0,5
BRDA:7,2,0,15
BRF:3
BRH:3
end_of_record
TN:
SF:exercises/control flow/stringProps.js
FN:13,showStringProperties
FNF:1
FNH:1
FNDA:2,showStringProperties
DA:1,1
DA:2,1
DA:3,1
DA:4,1
DA:5,1
DA:6,1
DA:7,1
DA:8,1
DA:9,1
DA:10,1
DA:11,1
DA:12,1
DA:13,2
DA:14,2
DA:15,8
DA:16,4
DA:17,4
DA:18,8
DA:19,2
DA:20,1
DA:21,1
LF:21
LH:21
BRDA:13,0,0,2
BRDA:14,1,0,8
BRDA:15,2,0,4
BRF:3
BRH:3
end_of_record
TN:
SF:exercises/control flow/sumOfMutiplesOfThreeAndFive.js
FN:8,sum
FNF:1
FNH:1
FNDA:4,sum
DA:1,1
DA:2,1
DA:3,1
DA:4,1
DA:5,1
DA:6,1
DA:7,1
DA:8,4
DA:9,4
DA:10,4
DA:11,4
DA:12,51
DA:13,25
DA:14,25
DA:15,51
DA:16,4
DA:17,4
DA:18,1
DA:19,1
LF:19
LH:19
BRDA:8,0,0,4
BRDA:11,1,0,51
BRDA:12,2,0,33
BRDA:12,3,0,25
BRF:4
BRH:4
end_of_record
